<?xml version="1.0" encoding="UTF-8"?>
<!-- Generated by org.testng.reporters.JUnitReportReporter -->
<testsuite hostname="DESKTOP-I3BGM4H" failures="0" tests="1" name="Day5_API_Chaining.CreateUser" time="2.980" errors="0" timestamp="2023-12-03T11:57:36 IST" skipped="0">
  <testcase classname="Day5_API_Chaining.CreateUser" name="test_CreateUser" time="2.980"/>
  <system-out/>
</testsuite> <!-- Day5_API_Chaining.CreateUser -->
