<?xml version="1.0" encoding="UTF-8"?>
<!-- Generated by org.testng.reporters.JUnitReportReporter -->
<testsuite hostname="DESKTOP-I3BGM4H" failures="0" tests="4" name="api.test.HttpRequests" time="6.535" errors="0" timestamp="2023-11-28T17:01:01 IST" skipped="0">
  <testcase classname="api.test.HttpRequests" name="getUsers" time="3.754"/>
  <system-out/>
  <testcase classname="api.test.HttpRequests" name="createUser" time="1.870"/>
  <system-out/>
  <testcase classname="api.test.HttpRequests" name="updateUser" time="0.412"/>
  <system-out/>
  <testcase classname="api.test.HttpRequests" name="deleteUser" time="0.499"/>
  <system-out/>
</testsuite> <!-- api.test.HttpRequests -->
