<?xml version="1.0" encoding="UTF-8"?>
<!-- Generated by org.testng.reporters.JUnitReportReporter -->
<testsuite hostname="DESKTOP-I3BGM4H" failures="0" tests="1" name="Day5_API_Chaining.GetUser" time="0.674" errors="0" timestamp="2023-12-02T14:56:02 IST" skipped="0">
  <testcase classname="Day5_API_Chaining.GetUser" name="testGetuser" time="0.674"/>
  <system-out/>
</testsuite> <!-- Day5_API_Chaining.GetUser -->
