<?xml version="1.0" encoding="UTF-8"?>
<!-- Generated by org.testng.reporters.JUnitReportReporter -->
<testsuite hostname="DESKTOP-I3BGM4H" failures="0" tests="1" name="Day4.jsonschemaValidation" time="3.672" errors="0" timestamp="2023-12-08T14:29:47 IST" skipped="0">
  <testcase classname="Day4.jsonschemaValidation" name="jsonschemavalidation" time="3.672"/>
  <system-out/>
</testsuite> <!-- Day4.jsonschemaValidation -->
