<?xml version="1.0" encoding="UTF-8"?>
<!-- Generated by org.testng.reporters.JUnitReportReporter -->
<testsuite hostname="DESKTOP-I3BGM4H" failures="0" tests="1" name="Day4.jsonschemaValidation" time="5.100" errors="0" timestamp="2023-12-01T21:10:16 IST" skipped="0">
  <testcase classname="Day4.jsonschemaValidation" name="jsonschemavalidation" time="5.100"/>
  <system-out/>
</testsuite> <!-- Day4.jsonschemaValidation -->
