<?xml version="1.0" encoding="UTF-8"?>
<!-- Generated by org.testng.reporters.JUnitReportReporter -->
<testsuite hostname="DESKTOP-I3BGM4H" failures="0" tests="1" name="ld2_restAssuredDataValidation.ReadResponseIdDiffWay" time="2.813" errors="0" timestamp="2023-12-31T13:37:00 IST" skipped="0">
  <testcase classname="ld2_restAssuredDataValidation.ReadResponseIdDiffWay" name="testExtractDetailsUsingResponse" time="2.813"/>
  <system-out/>
</testsuite> <!-- ld2_restAssuredDataValidation.ReadResponseIdDiffWay -->
