<?xml version="1.0" encoding="UTF-8"?>
<!-- Generated by org.testng.reporters.JUnitReportReporter -->
<testsuite hostname="DESKTOP-I3BGM4H" failures="0" tests="4" name="api.test.UserTest" time="8.341" errors="0" timestamp="2023-11-25T19:29:10 IST" skipped="0">
  <testcase classname="api.test.UserTest" name="testPostUser" time="3.731"/>
  <system-out/>
  <testcase classname="api.test.UserTest" name="testGetUserByName" time="1.134"/>
  <system-out/>
  <testcase classname="api.test.UserTest" name="testUpdateUserByName" time="2.309"/>
  <system-out/>
  <testcase classname="api.test.UserTest" name="testDeleteUserByName" time="1.167"/>
  <system-out/>
</testsuite> <!-- api.test.UserTest -->
