<?xml version="1.0" encoding="UTF-8"?>
<!-- Generated by org.testng.reporters.JUnitReportReporter -->
<testsuite hostname="DESKTOP-I3BGM4H" failures="0" tests="4" name="api.test.DiffWaysToCreatePostRequestpayload" time="8.604" errors="0" timestamp="2023-11-28T17:51:10 IST" skipped="0">
  <testcase classname="api.test.DiffWaysToCreatePostRequestpayload" name="createUser" time="6.747"/>
  <system-out/>
  <testcase classname="api.test.DiffWaysToCreatePostRequestpayload" name="postUsingJsonLibrary" time="0.659"/>
  <system-out/>
  <testcase classname="api.test.DiffWaysToCreatePostRequestpayload" name="testPostusingPOJO" time="0.608"/>
  <system-out/>
  <testcase classname="api.test.DiffWaysToCreatePostRequestpayload" name="testPostusingExternalJsonFile" time="0.590"/>
  <system-out/>
</testsuite> <!-- api.test.DiffWaysToCreatePostRequestpayload -->
