<?xml version="1.0" encoding="UTF-8"?>
<!-- Generated by org.testng.reporters.JUnitReportReporter -->
<testsuite hostname="DESKTOP-I3BGM4H" failures="0" tests="1" name="Day3.pathAndQueryParams" time="3.138" errors="0" timestamp="2023-11-28T18:04:06 IST" skipped="0">
  <testcase classname="Day3.pathAndQueryParams" name="testpathAndQueryParams" time="3.138"/>
  <system-out/>
</testsuite> <!-- Day3.pathAndQueryParams -->
