<?xml version="1.0" encoding="UTF-8"?>
<!-- Generated by org.testng.reporters.JUnitReportReporter -->
<testsuite hostname="DESKTOP-I3BGM4H" failures="0" tests="1" name="ld4_RestAssuredPreparation.RestAssuredAPITest" time="3.671" errors="0" timestamp="2023-12-31T10:09:47 IST" skipped="0">
  <testcase classname="ld4_RestAssuredPreparation.RestAssuredAPITest" name="GetBooksDetails" time="3.671"/>
  <system-out/>
</testsuite> <!-- ld4_RestAssuredPreparation.RestAssuredAPITest -->
