<?xml version="1.0" encoding="UTF-8"?>
<!-- Generated by org.testng.reporters.JUnitReportReporter -->
<testsuite hostname="DESKTOP-I3BGM4H" failures="0" tests="4" name="Day4.Athentication" time="8.291" errors="0" timestamp="2023-12-01T23:23:12 IST" skipped="0">
  <testcase classname="Day4.Athentication" name="testBasicAthentication" time="4.966"/>
  <system-out/>
  <testcase classname="Day4.Athentication" name="testDigestAthentication" time="1.385"/>
  <system-out/>
  <testcase classname="Day4.Athentication" name="testPreemptiveAthentication" time="1.228"/>
  <system-out/>
  <testcase classname="Day4.Athentication" name="testBearerTokenAthentication" time="0.712"/>
  <system-out/>
</testsuite> <!-- Day4.Athentication -->
