<?xml version="1.0" encoding="UTF-8"?>
<!-- Generated by org.testng.reporters.JUnitReportReporter -->
<testsuite hostname="DESKTOP-I3BGM4H" failures="0" tests="1" name="Day3.CookiesDemo" time="8.926" errors="0" timestamp="2023-11-28T18:15:30 IST" skipped="0">
  <testcase classname="Day3.CookiesDemo" name="testCookies" time="8.926"/>
  <system-out/>
</testsuite> <!-- Day3.CookiesDemo -->
